
=== Mon Nov  9 10:04:16 2020

Packages were changed.
Update Mode: resetToDefaultDependencies

The following packages were added:
  com.unity.collab-proxy@1.3.7
  com.unity.ide.rider@1.2.1
  com.unity.ide.visualstudio@2.0.0
  com.unity.ide.vscode@1.1.4
  com.unity.modules.ai@1.0.0
  com.unity.modules.androidjni@1.0.0
  com.unity.modules.animation@1.0.0
  com.unity.modules.assetbundle@1.0.0
  com.unity.modules.audio@1.0.0
  com.unity.modules.cloth@1.0.0
  com.unity.modules.director@1.0.0
  com.unity.modules.imageconversion@1.0.0
  com.unity.modules.imgui@1.0.0
  com.unity.modules.jsonserialize@1.0.0
  com.unity.modules.particlesystem@1.0.0
  com.unity.modules.physics@1.0.0
  com.unity.modules.physics2d@1.0.0
  com.unity.modules.screencapture@1.0.0
  com.unity.modules.terrain@1.0.0
  com.unity.modules.terrainphysics@1.0.0
  com.unity.modules.tilemap@1.0.0
  com.unity.modules.ui@1.0.0
  com.unity.modules.uielements@1.0.0
  com.unity.modules.umbra@1.0.0
  com.unity.modules.unityanalytics@1.0.0
  com.unity.modules.unitywebrequest@1.0.0
  com.unity.modules.unitywebrequestassetbundle@1.0.0
  com.unity.modules.unitywebrequestaudio@1.0.0
  com.unity.modules.unitywebrequesttexture@1.0.0
  com.unity.modules.unitywebrequestwww@1.0.0
  com.unity.modules.vehicles@1.0.0
  com.unity.modules.video@1.0.0
  com.unity.modules.vr@1.0.0
  com.unity.modules.wind@1.0.0
  com.unity.modules.xr@1.0.0
  com.unity.test-framework@1.1.11
  com.unity.textmeshpro@3.0.0-preview.1
  com.unity.timeline@1.3.0
  com.unity.ugui@1.0.0

=== Mon Nov  8 20:04:59 2021

Packages were changed.
Update Mode: updateDependencies

The following packages were updated:
  com.unity.collab-proxy from version 1.3.7 to 1.9.0
  com.unity.ide.rider from version 1.2.1 to 3.0.7
  com.unity.ide.visualstudio from version 2.0.0 to 2.0.11
  com.unity.ide.vscode from version 1.1.4 to 1.2.4
  com.unity.test-framework from version 1.1.11 to 1.1.29
  com.unity.textmeshpro from version 3.0.0-preview.1 to 3.0.6
  com.unity.timeline from version 1.3.0 to 1.6.2
